[handleMsg]:  {
  key: {
    remoteJid: '5492494671799@s.whatsapp.net',
    fromMe: false,
    id: '3EB0D8A27188C90A2897B8',
    participant: undefined
  },
  messageTimestamp: 1699400076,
  pushName: 'Roberto Marbán',
  broadcast: false,
  message: Message {
    conversation: 'consultar',
    messageContextInfo: MessageContextInfo {
      deviceListMetadata: [DeviceListMetadata],
      deviceListMetadataVersion: 2
    }
  },
  body: 'consultar',
  from: '5492494671799'
}
[QUEUE_SE_ENVIO]:  {
  ref: 'ans_8b47e3f4-2cc9-43fe-87cd-803fa9bc7fef',
  keyword: 'key_0224d300-ddbf-4102-ae50-0b8f6d6e328e',
  answer: 'Para conocer tu lugar de votación 🗳️, por favor, escribí tu número de DNI sin puntos, comas ni espacios.',
  options: {
    media: null,
    buttons: [],
    capture: false,
    child: null,
    delay: 0,
    idle: null,
    ref: null,
    nested: [ [Object], [Object] ],
    keyword: {},
    callback: false
  },
  refSerialize: 'df9f8be07cba9ed55f9dde23d0b70ca1'
}
[handleMsg]:  {
  key: {
    remoteJid: '5492494671799@s.whatsapp.net',
    fromMe: false,
    id: '3EB015E43CE412E8A0ED4E',
    participant: undefined
  },
  messageTimestamp: 1699400079,
  pushName: 'Roberto Marbán',
  broadcast: false,
  message: Message {
    conversation: '54739022433',
    messageContextInfo: MessageContextInfo {
      deviceListMetadata: [DeviceListMetadata],
      deviceListMetadataVersion: 2
    }
  },
  body: '54739022433',
  from: '5492494671799'
}
[QUEUE_SE_ENVIO]:  {
  ref: 'ans_de436d93-3b2e-4def-81b2-5b7bff8a6663',
  keyword: 'key_f613454f-1971-4117-b149-ad0b6493b422',
  answer: 'Por favor, indicá tu género según figura en tu DNI. *Masculino*, *Femenino*, *No Binario*:',
  options: {
    media: null,
    buttons: [],
    capture: true,
    child: null,
    delay: 0,
    idle: null,
    ref: null,
    nested: [ [Object], [Object] ],
    keyword: {},
    callback: true
  },
  refSerialize: 'c470a54e0ceb0dbcb6a64b191072ecc3'
}
[handleMsg]:  {
  key: {
    remoteJid: '5492494671799@s.whatsapp.net',
    fromMe: false,
    id: '3EB01670E6DB952E0ACE70',
    participant: undefined
  },
  messageTimestamp: 1699400090,
  pushName: 'Roberto Marbán',
  broadcast: false,
  message: Message {
    conversation: 'femenee',
    messageContextInfo: MessageContextInfo {
      deviceListMetadata: [DeviceListMetadata],
      deviceListMetadataVersion: 2
    }
  },
  body: 'femenee',
  from: '5492494671799'
}
[handleMsg]:  {
  key: {
    remoteJid: '5492494671799@s.whatsapp.net',
    fromMe: false,
    id: '3EB040CA72231916178C64',
    participant: undefined
  },
  messageTimestamp: 1699400098,
  pushName: 'Roberto Marbán',
  broadcast: false,
  message: Message {
    conversation: 'no binario',
    messageContextInfo: MessageContextInfo {
      deviceListMetadata: [DeviceListMetadata],
      deviceListMetadataVersion: 2
    }
  },
  body: 'no binario',
  from: '5492494671799'
}
[QUEUE_SE_ENVIO]:  {
  ref: 'ans_212c688c-b1a1-4df6-907c-29b551284404',
  keyword: 'key_37c34d21-8677-45b7-8ecc-8ca7233cbff4',
  answer: 'Gracias, ya te decimos tu lugar de votacion.\nAguardanos un instante',
  options: {
    media: null,
    buttons: [],
    capture: false,
    child: null,
    delay: 0,
    idle: null,
    ref: null,
    nested: [],
    keyword: {},
    callback: false
  },
  refSerialize: '3c8cffef5bbdd1f0a10457d3c4d7cf88'
}
